d:\win7我的文档-桌面-收藏夹\desktop\bp信噪比\raptor_code3.0_minsum_10000_0.2\debug\vc140.pdb
d:\win7我的文档-桌面-收藏夹\desktop\bp信噪比\raptor_code3.0_minsum_10000_0.2\debug\vc140.idb
d:\win7我的文档-桌面-收藏夹\desktop\bp信噪比\raptor_code3.0_minsum_10000_0.2\debug\cdistribution.obj
d:\win7我的文档-桌面-收藏夹\desktop\bp信噪比\raptor_code3.0_minsum_10000_0.2\debug\decode.obj
d:\win7我的文档-桌面-收藏夹\desktop\bp信噪比\raptor_code3.0_minsum_10000_0.2\debug\encode.obj
d:\win7我的文档-桌面-收藏夹\desktop\bp信噪比\raptor_code3.0_minsum_10000_0.2\debug\gau_channel.obj
d:\win7我的文档-桌面-收藏夹\desktop\bp信噪比\raptor_code3.0_minsum_10000_0.2\debug\main.obj
d:\win7我的文档-桌面-收藏夹\desktop\bp信噪比\raptor_code3.0_minsum_10000_0.2\debug\randnum.obj
d:\win7我的文档-桌面-收藏夹\desktop\bp信噪比\raptor_code3.0_minsum_10000_0.2\debug\randnum1.obj
d:\win7我的文档-桌面-收藏夹\desktop\bp信噪比\raptor_code3.0_minsum_10000_0.2\debug\source.obj
d:\win7我的文档-桌面-收藏夹\desktop\bp信噪比\raptor_code3.0_minsum_10000_0.2\debug\ldpc_code.ilk
d:\win7我的文档-桌面-收藏夹\desktop\bp信噪比\raptor_code3.0_minsum_10000_0.2\debug\ldpc_code.exe
d:\win7我的文档-桌面-收藏夹\desktop\bp信噪比\raptor_code3.0_minsum_10000_0.2\debug\ldpc_code.pdb
d:\win7我的文档-桌面-收藏夹\desktop\bp信噪比\raptor_code3.0_minsum_10000_0.2\.\debug\ldpc_code.exe
d:\win7我的文档-桌面-收藏夹\desktop\bp信噪比\raptor_code3.0_minsum_10000_0.2\debug\ldpc_code.tlog\cl.command.1.tlog
d:\win7我的文档-桌面-收藏夹\desktop\bp信噪比\raptor_code3.0_minsum_10000_0.2\debug\ldpc_code.tlog\cl.read.1.tlog
d:\win7我的文档-桌面-收藏夹\desktop\bp信噪比\raptor_code3.0_minsum_10000_0.2\debug\ldpc_code.tlog\cl.write.1.tlog
d:\win7我的文档-桌面-收藏夹\desktop\bp信噪比\raptor_code3.0_minsum_10000_0.2\debug\ldpc_code.tlog\link.command.1.tlog
d:\win7我的文档-桌面-收藏夹\desktop\bp信噪比\raptor_code3.0_minsum_10000_0.2\debug\ldpc_code.tlog\link.read.1.tlog
d:\win7我的文档-桌面-收藏夹\desktop\bp信噪比\raptor_code3.0_minsum_10000_0.2\debug\ldpc_code.tlog\link.write.1.tlog
